CHARM CMAX DIFF2 MNODIFF INCR testdb.ascii 0.5 6 3 [ 1 5 1 1 0.000167 0 ] [ 2 1 0 0 9.79999e-05 0 ] [ TOT 6 1 1 0.000265 ] 0.000785 0
CHARM CMAX DIFF2 MNODIFF INCR testdb_ibm.ascii 0.5 6 3 [ 1 5 5 1 0.000165 0 ] [ 2 25 8 3 0.000109 0 ] [ 3 1 1 2 1.00001e-05 0 ] [ 4 0 0 1 0 0 ] [ TOT 31 14 7 0.000284 ] 0.001043 9
CHARM CMAX DIFF2 MNODIFF INCR testdb_ibm.ascii 0.1 6 1 [ 1 5 5 1 0.000235 0 ] [ 2 25 10 3 0.000104 0 ] [ 3 4 4 3 4.20001e-05 0 ] [ 4 1 1 2 1.10001e-05 0 ] [ 5 0 0 1 0 0 ] [ TOT 35 20 10 0.000392 ] 0.001288 15
CHARM CMAX DIFF2 MNODIFF INCR testdb.ascii 0.1 6 1 [ 1 5 5 1 0.000164 0 ] [ 2 25 10 3 0.000181 0 ] [ 3 4 4 3 7.99999e-05 0 ] [ 4 1 1 2 2.1e-05 0 ] [ 5 0 0 1 0 0 ] [ TOT 35 20 10 0.000446 ] 0.001175 15
CHARM CMAX DIFF2 MNODIFF INCR testdb_ibm.ascii 0.1 6 1 [ 1 5 5 1 0.0004 0 ] [ 2 25 10 3 0.000193 0 ] [ 3 4 4 3 8e-05 0 ] [ 4 1 1 2 2.1e-05 0 ] [ 5 0 0 1 0 0 ] [ TOT 35 20 10 0.000694 ] 0.001954 15
CHARM CMAX DIFF2 MNODIFF INCR testdb.ascii 0 6 5 [ 1 5 0 0 0.000537 0 ] [ 2 0 0 0 2.5e-05 0 ] [ TOT 5 0 0 0.000562 ] 0.000905 0
CHARM CMAX DIFF2 MNODIFF INCR testdb.ascii 0 6 2 [ 1 5 1 1 0.000143 0 ] [ 2 1 0 0 6.30001e-05 0 ] [ TOT 6 1 1 0.000206 ] 0.000511 0
CHARM CMAX DIFF2 MNODIFF INCR testdb.ascii 0 6 2 [ 1 5 1 1 0.000238 0 ] [ 2 1 0 0 0.000106 0 ] [ TOT 6 1 1 0.000344 ] 0.000758 0
CHARM CMAX DIFF2 MNODIFF INCR testdb.ascii 0 6 1 [ 1 5 2 1 0.000412 0 ] [ 2 4 1 1 0.000126 0 ] [ TOT 9 3 2 0.000538 ] 0.000963 1
CHARM CMAX DIFF2 MNODIFF INCR testdb.ascii 0 6 1 [ 1 5 5 1 0.000231 0 ] [ 2 25 10 3 0.000185 0 ] [ 3 4 4 3 8.1e-05 0 ] [ 4 1 1 2 2.1e-05 0 ] [ 5 0 0 1 0 0 ] [ TOT 35 20 10 0.000518 ] 0.001081 15
CHARM CMAX DIFF2 MNODIFF INCR testdb.ascii 0 6 3 [ 1 5 5 1 0.000191 0 ] [ 2 25 8 3 0.000113 0 ] [ 3 1 1 2 1.10001e-05 0 ] [ 4 0 0 1 0 0 ] [ TOT 31 14 7 0.000315 ] 0.000808 9
CHARM CMAX NODIFF MNODIFF INCR testdb.ascii 0 6 3 [ 1 5 5 1 0.00016 0 ] [ 2 25 8 3 0.00022 0 ] [ 3 1 1 2 2.09999e-05 0 ] [ 4 0 0 1 0 0 ] [ TOT 31 14 7 0.000401 ] 0.00082 9
CHARM CMAX DIFF2 MNODIFF INCR testdb.ascii 0 6 3 [ 1 5 5 1 0.000159 0 ] [ 2 25 8 3 0.000215 0 ] [ 3 1 1 2 1.9e-05 0 ] [ 4 0 0 1 0 0 ] [ TOT 31 14 7 0.000393 ] 0.000817 9
CHARM CMAX DIFF2 MNODIFF INCR testdb.ascii 0 6 3 [ 1 5 5 1 0.000153 0 ] [ 2 25 8 3 0.000121 0 ] [ 3 1 1 2 1.00001e-05 0 ] [ 4 0 0 1 0 0 ] [ TOT 31 14 7 0.000284 ] 0.000789 9
CHARM CMAX NODIFF MNODIFF INCR testdb.ascii 0 6 3 [ 1 5 5 1 0.000756 0 ] [ 2 25 8 3 0.000227 0 ] [ 3 1 1 2 2.1e-05 0 ] [ 4 0 0 1 0 0 ] [ TOT 31 14 7 0.001004 ] 0.00153 9
CHARM CMAX NODIFF MNODIFF INCR testdb.ascii 0 6 3 [ 1 5 5 1 0.000156 0 ] [ 2 25 8 3 0.000219 0 ] [ 3 1 1 2 2.09999e-05 0 ] [ 4 0 0 1 0 0 ] [ TOT 31 14 7 0.000396 ] 0.001041 9
CHARM CMAX NODIFF MNODIFF INCR testdb.ascii 0 6 3 [ 1 5 5 1 0.000157 0 ] [ 2 25 8 3 0.000221 0 ] [ 3 1 1 2 2.1e-05 0 ] [ 4 0 0 1 0 0 ] [ TOT 31 14 7 0.000399 ] 0.001293 9
CHARM CMAX NODIFF MNODIFF INCR testdb.ascii 0 6 3 [ 1 5 5 1 0.000222 0 ] [ 2 25 8 3 0.000245 0 ] [ 3 1 1 2 2.09999e-05 0 ] [ 4 0 0 1 0 0 ] [ TOT 31 14 7 0.000488 ] 0.001289 9
CHARM CMAX NODIFF MNODIFF INCR testdb.ascii 0 6 3 [ 1 5 5 1 0.000165 0 ] [ 2 25 8 3 0.000223 0 ] [ 3 1 1 2 2.09999e-05 0 ] [ 4 0 0 1 0 0 ] [ TOT 31 14 7 0.000409 ] 0.001059 9
CHARM CMAX NODIFF MNODIFF INCR testdb.ascii 0 6 2 [ 1 5 5 1 0.000239 0 ] [ 2 25 10 3 0.00023 0 ] [ 3 4 2 3 8.39999e-05 0 ] [ 4 0 0 2 0 0 ] [ TOT 34 17 9 0.000553 ] 0.001364 14
CHARM CMAX NODIFF MNODIFF INCR testdb.ascii 0 6 2 [ 1 5 5 1 0.000231 0 ] [ 2 25 10 3 0.000205 0 ] [ 3 4 2 3 8.2e-05 0 ] [ 4 0 0 2 0 0 ] [ TOT 34 17 9 0.000518 ] 0.001678 14
CHARM CMAX NODIFF MNODIFF INCR testdb.ascii 0 6 2 [ 1 5 5 1 0.000233 0 ] [ 2 25 10 3 0.000204 0 ] [ 3 4 2 3 8.50001e-05 0 ] [ 4 0 0 2 0 0 ] [ TOT 34 17 9 0.000522 ] 0.002064 14
CHARM CMAX NODIFF MNODIFF INCR testdb_ibm.ascii 0 6 2 [ 1 5 5 1 0.000222 0 ] [ 2 25 10 3 0.000204 0 ] [ 3 4 2 3 8.39999e-05 0 ] [ 4 0 0 2 0 0 ] [ TOT 34 17 9 0.00051 ] 0.002274 14
CHARM CMAX NODIFF MNODIFF INCR testdb_ibm.ascii 0 6 2 [ 1 5 5 1 0.000241 0 ] [ 2 25 7 3 0.000222 0 ] [ 3 0 0 1 0 0 ] [ 4 0 0 1 0 0 ] [ TOT 30 12 6 0.000463 ] 0.001694 7
CHARM CMAX NODIFF MNODIFF INCR lm 0 10 2 [ 1 759 118 6 0.000215 0 ] [ 2 13924 1037 9 0.001912 0 ] [ 3 365 298 16 0.001261 0 ] [ 4 43 33 19 0.000288 0 ] [ 5 1 0 22 2.40001e-05 0 ] [ 6 0 0 13 0 0 ] [ 7 0 0 8 0 0 ] [ 8 0 0 14 0 0 ] [ 9 0 0 15 0 0 ] [ 10 0 0 17 0 0 ] [ 11 0 0 20 0 0 ] [ 12 0 0 18 0 0 ] [ 13 0 0 9 0 0 ] [ 14 0 0 4 0 0 ] [ 15 0 0 2 0 0 ] [ 16 0 0 1 0 0 ] [ 17 0 0 0 0 0 ] [ 18 0 0 1 0 0 ] [ TOT 15092 1486 194 0.0037 ] 0.017374 1045
